<?xml version="1.0" encoding="UTF-8"?>
<testsuite name="LightTest" tests="1" skipped="0" failures="0" errors="0" timestamp="2020-11-11T14:28:29" hostname="DESKTOP-2TVT6VN" time="0.333">
  <properties/>
  <testcase name="setLightShouldTriggerListener" classname="LightTest" time="0.333"/>
  <system-out><![CDATA[]]></system-out>
  <system-err><![CDATA[]]></system-err>
</testsuite>
