<?xml version="1.0" encoding="UTF-8"?>
<testsuite name="ThermostatTest" tests="1" skipped="0" failures="0" errors="0" timestamp="2020-11-11T12:45:00" hostname="DESKTOP-2TVT6VN" time="0.001">
  <properties/>
  <testcase name="setTemperatureInRangeMinMaxSuccess" classname="ThermostatTest" time="0.001"/>
  <system-out><![CDATA[]]></system-out>
  <system-err><![CDATA[]]></system-err>
</testsuite>
