<?xml version="1.0" encoding="UTF-8"?>
<testsuite name="LightTest" tests="1" skipped="0" failures="0" errors="0" timestamp="2020-11-10T15:04:43" hostname="DESKTOP-2TVT6VN" time="0.002">
  <properties/>
  <testcase name="setListOnSuccess" classname="LightTest" time="0.002"/>
  <system-out><![CDATA[]]></system-out>
  <system-err><![CDATA[]]></system-err>
</testsuite>
